12-May-2026 16:23:01.104 INFOS [main] org.apache.catalina.core.ApplicationContext.log ContextListener: contextInitialized()
12-May-2026 16:23:01.104 INFOS [main] org.apache.catalina.core.ApplicationContext.log SessionListener: contextInitialized()
12-May-2026 16:23:01.105 INFOS [main] org.apache.catalina.core.ApplicationContext.log ContextListener: attributeAdded('StockTicker', 'async.Stockticker@4a9cc6cb')
12-May-2026 16:25:56.221 INFOS [main] org.apache.catalina.core.ApplicationContext.log ContextListener: contextInitialized()
12-May-2026 16:25:56.221 INFOS [main] org.apache.catalina.core.ApplicationContext.log SessionListener: contextInitialized()
12-May-2026 16:25:56.222 INFOS [main] org.apache.catalina.core.ApplicationContext.log ContextListener: attributeAdded('StockTicker', 'async.Stockticker@2416a51')
12-May-2026 16:25:56.241 INFOS [main] org.apache.catalina.core.ApplicationContext.log SessionListener: contextDestroyed()
12-May-2026 16:25:56.241 INFOS [main] org.apache.catalina.core.ApplicationContext.log ContextListener: contextDestroyed()
12-May-2026 16:30:19.742 INFOS [main] org.apache.catalina.core.ApplicationContext.log SessionListener: contextDestroyed()
12-May-2026 16:30:19.742 INFOS [main] org.apache.catalina.core.ApplicationContext.log ContextListener: contextDestroyed()
12-May-2026 16:30:23.778 INFOS [main] org.apache.catalina.core.ApplicationContext.log ContextListener: contextInitialized()
12-May-2026 16:30:23.778 INFOS [main] org.apache.catalina.core.ApplicationContext.log SessionListener: contextInitialized()
12-May-2026 16:30:23.779 INFOS [main] org.apache.catalina.core.ApplicationContext.log ContextListener: attributeAdded('StockTicker', 'async.Stockticker@56e07a08')
12-May-2026 16:41:40.301 INFOS [main] org.apache.catalina.core.ApplicationContext.log SessionListener: contextDestroyed()
12-May-2026 16:41:40.301 INFOS [main] org.apache.catalina.core.ApplicationContext.log ContextListener: contextDestroyed()
12-May-2026 16:41:43.764 INFOS [main] org.apache.catalina.core.ApplicationContext.log ContextListener: contextInitialized()
12-May-2026 16:41:43.764 INFOS [main] org.apache.catalina.core.ApplicationContext.log SessionListener: contextInitialized()
12-May-2026 16:41:43.765 INFOS [main] org.apache.catalina.core.ApplicationContext.log ContextListener: attributeAdded('StockTicker', 'async.Stockticker@7807ac2c')
12-May-2026 16:47:04.370 INFOS [main] org.apache.catalina.core.ApplicationContext.log SessionListener: contextDestroyed()
12-May-2026 16:47:04.370 INFOS [main] org.apache.catalina.core.ApplicationContext.log ContextListener: contextDestroyed()
12-May-2026 16:47:07.568 INFOS [main] org.apache.catalina.core.ApplicationContext.log ContextListener: contextInitialized()
12-May-2026 16:47:07.568 INFOS [main] org.apache.catalina.core.ApplicationContext.log SessionListener: contextInitialized()
12-May-2026 16:47:07.569 INFOS [main] org.apache.catalina.core.ApplicationContext.log ContextListener: attributeAdded('StockTicker', 'async.Stockticker@12cd9150')
12-May-2026 16:47:26.891 INFOS [main] org.apache.catalina.core.ApplicationContext.log SessionListener: contextDestroyed()
12-May-2026 16:47:26.891 INFOS [main] org.apache.catalina.core.ApplicationContext.log ContextListener: contextDestroyed()
12-May-2026 16:47:29.078 INFOS [main] org.apache.catalina.core.ApplicationContext.log ContextListener: contextInitialized()
12-May-2026 16:47:29.078 INFOS [main] org.apache.catalina.core.ApplicationContext.log SessionListener: contextInitialized()
12-May-2026 16:47:29.079 INFOS [main] org.apache.catalina.core.ApplicationContext.log ContextListener: attributeAdded('StockTicker', 'async.Stockticker@1950e8a6')
12-May-2026 16:49:08.229 INFOS [main] org.apache.catalina.core.ApplicationContext.log SessionListener: contextDestroyed()
12-May-2026 16:49:08.229 INFOS [main] org.apache.catalina.core.ApplicationContext.log ContextListener: contextDestroyed()
12-May-2026 16:49:11.706 INFOS [main] org.apache.catalina.core.ApplicationContext.log ContextListener: contextInitialized()
12-May-2026 16:49:11.706 INFOS [main] org.apache.catalina.core.ApplicationContext.log SessionListener: contextInitialized()
12-May-2026 16:49:11.707 INFOS [main] org.apache.catalina.core.ApplicationContext.log ContextListener: attributeAdded('StockTicker', 'async.Stockticker@54709809')
12-May-2026 16:54:39.879 INFOS [main] org.apache.catalina.core.ApplicationContext.log SessionListener: contextDestroyed()
12-May-2026 16:54:39.879 INFOS [main] org.apache.catalina.core.ApplicationContext.log ContextListener: contextDestroyed()
12-May-2026 16:54:43.983 INFOS [main] org.apache.catalina.core.ApplicationContext.log ContextListener: contextInitialized()
12-May-2026 16:54:43.983 INFOS [main] org.apache.catalina.core.ApplicationContext.log SessionListener: contextInitialized()
12-May-2026 16:54:43.984 INFOS [main] org.apache.catalina.core.ApplicationContext.log ContextListener: attributeAdded('StockTicker', 'async.Stockticker@47289387')
12-May-2026 16:55:00.138 INFOS [main] org.apache.catalina.core.ApplicationContext.log SessionListener: contextDestroyed()
12-May-2026 16:55:00.138 INFOS [main] org.apache.catalina.core.ApplicationContext.log ContextListener: contextDestroyed()
12-May-2026 16:55:00.833 INFOS [main] org.apache.catalina.core.ApplicationContext.log ContextListener: contextInitialized()
12-May-2026 16:55:00.833 INFOS [main] org.apache.catalina.core.ApplicationContext.log SessionListener: contextInitialized()
12-May-2026 16:55:00.834 INFOS [main] org.apache.catalina.core.ApplicationContext.log ContextListener: attributeAdded('StockTicker', 'async.Stockticker@cf65451')
12-May-2026 17:09:32.615 INFOS [main] org.apache.catalina.core.ApplicationContext.log SessionListener: contextDestroyed()
12-May-2026 17:09:32.615 INFOS [main] org.apache.catalina.core.ApplicationContext.log ContextListener: contextDestroyed()
12-May-2026 17:09:33.609 INFOS [main] org.apache.catalina.core.ApplicationContext.log ContextListener: contextInitialized()
12-May-2026 17:09:33.609 INFOS [main] org.apache.catalina.core.ApplicationContext.log SessionListener: contextInitialized()
12-May-2026 17:09:33.610 INFOS [main] org.apache.catalina.core.ApplicationContext.log ContextListener: attributeAdded('StockTicker', 'async.Stockticker@50b0afd7')
12-May-2026 17:11:58.365 INFOS [main] org.apache.catalina.core.ApplicationContext.log SessionListener: contextDestroyed()
12-May-2026 17:11:58.365 INFOS [main] org.apache.catalina.core.ApplicationContext.log ContextListener: contextDestroyed()
12-May-2026 17:11:59.315 INFOS [main] org.apache.catalina.core.ApplicationContext.log ContextListener: contextInitialized()
12-May-2026 17:11:59.315 INFOS [main] org.apache.catalina.core.ApplicationContext.log SessionListener: contextInitialized()
12-May-2026 17:11:59.316 INFOS [main] org.apache.catalina.core.ApplicationContext.log ContextListener: attributeAdded('StockTicker', 'async.Stockticker@164642a4')
12-May-2026 17:23:43.187 INFOS [main] org.apache.catalina.core.ApplicationContext.log SessionListener: contextDestroyed()
12-May-2026 17:23:43.187 INFOS [main] org.apache.catalina.core.ApplicationContext.log ContextListener: contextDestroyed()
12-May-2026 17:23:44.170 INFOS [main] org.apache.catalina.core.ApplicationContext.log ContextListener: contextInitialized()
12-May-2026 17:23:44.170 INFOS [main] org.apache.catalina.core.ApplicationContext.log SessionListener: contextInitialized()
12-May-2026 17:23:44.170 INFOS [main] org.apache.catalina.core.ApplicationContext.log ContextListener: attributeAdded('StockTicker', 'async.Stockticker@35c4697c')
12-May-2026 17:23:45.718 GRAVE [http-nio-8080-exec-1] org.apache.catalina.core.StandardWrapperValve.invoke Servlet.service() du Servlet [Insert] dans le contexte au chemin [/tp501] a retourné une exception [null] avec la cause
	jakarta.servlet.ServletException
		at Insert.service(Insert.java:31)
		at jakarta.servlet.http.HttpServlet.service(HttpServlet.java:710)
		at org.apache.catalina.core.ApplicationFilterChain.doFilter(ApplicationFilterChain.java:128)
		at org.apache.tomcat.websocket.server.WsFilter.doFilter(WsFilter.java:53)
		at org.apache.catalina.core.ApplicationFilterChain.doFilter(ApplicationFilterChain.java:107)
		at org.apache.catalina.core.StandardWrapperValve.invoke(StandardWrapperValve.java:165)
		at org.apache.catalina.core.StandardContextValve.invoke(StandardContextValve.java:77)
		at org.apache.catalina.authenticator.AuthenticatorBase.invoke(AuthenticatorBase.java:492)
		at org.apache.catalina.core.StandardHostValve.invoke(StandardHostValve.java:113)
		at org.apache.catalina.valves.ErrorReportValve.invoke(ErrorReportValve.java:83)
		at org.apache.catalina.valves.AbstractAccessLogValve.invoke(AbstractAccessLogValve.java:782)
		at org.apache.catalina.core.StandardEngineValve.invoke(StandardEngineValve.java:72)
		at org.apache.catalina.connector.CoyoteAdapter.service(CoyoteAdapter.java:341)
		at org.apache.coyote.http11.Http11Processor.service(Http11Processor.java:397)
		at org.apache.coyote.AbstractProcessorLight.process(AbstractProcessorLight.java:63)
		at org.apache.coyote.AbstractProtocol$ConnectionHandler.process(AbstractProtocol.java:1272)
		at org.apache.tomcat.util.net.NioEndpoint$SocketProcessor.doRun(NioEndpoint.java:1801)
		at org.apache.tomcat.util.net.SocketProcessorBase.run(SocketProcessorBase.java:52)
		at org.apache.tomcat.util.threads.ThreadPoolExecutor.runWorker(ThreadPoolExecutor.java:946)
		at org.apache.tomcat.util.threads.ThreadPoolExecutor$Worker.run(ThreadPoolExecutor.java:480)
		at org.apache.tomcat.util.threads.TaskThread$WrappingRunnable.run(TaskThread.java:57)
		at java.base/java.lang.Thread.run(Thread.java:840)
12-May-2026 17:26:28.389 INFOS [main] org.apache.catalina.core.ApplicationContext.log SessionListener: contextDestroyed()
12-May-2026 17:26:28.389 INFOS [main] org.apache.catalina.core.ApplicationContext.log ContextListener: contextDestroyed()
12-May-2026 17:26:29.384 INFOS [main] org.apache.catalina.core.ApplicationContext.log ContextListener: contextInitialized()
12-May-2026 17:26:29.384 INFOS [main] org.apache.catalina.core.ApplicationContext.log SessionListener: contextInitialized()
12-May-2026 17:26:29.384 INFOS [main] org.apache.catalina.core.ApplicationContext.log ContextListener: attributeAdded('StockTicker', 'async.Stockticker@35c4697c')
12-May-2026 17:26:31.948 GRAVE [http-nio-8080-exec-1] org.apache.catalina.core.StandardWrapperValve.invoke Servlet.service() du Servlet [Insert] dans le contexte au chemin [/tp501] a retourné une exception [null] avec la cause
	jakarta.servlet.ServletException
		at Insert.service(Insert.java:38)
		at jakarta.servlet.http.HttpServlet.service(HttpServlet.java:710)
		at org.apache.catalina.core.ApplicationFilterChain.doFilter(ApplicationFilterChain.java:128)
		at org.apache.tomcat.websocket.server.WsFilter.doFilter(WsFilter.java:53)
		at org.apache.catalina.core.ApplicationFilterChain.doFilter(ApplicationFilterChain.java:107)
		at org.apache.catalina.core.StandardWrapperValve.invoke(StandardWrapperValve.java:165)
		at org.apache.catalina.core.StandardContextValve.invoke(StandardContextValve.java:77)
		at org.apache.catalina.authenticator.AuthenticatorBase.invoke(AuthenticatorBase.java:492)
		at org.apache.catalina.core.StandardHostValve.invoke(StandardHostValve.java:113)
		at org.apache.catalina.valves.ErrorReportValve.invoke(ErrorReportValve.java:83)
		at org.apache.catalina.valves.AbstractAccessLogValve.invoke(AbstractAccessLogValve.java:782)
		at org.apache.catalina.core.StandardEngineValve.invoke(StandardEngineValve.java:72)
		at org.apache.catalina.connector.CoyoteAdapter.service(CoyoteAdapter.java:341)
		at org.apache.coyote.http11.Http11Processor.service(Http11Processor.java:397)
		at org.apache.coyote.AbstractProcessorLight.process(AbstractProcessorLight.java:63)
		at org.apache.coyote.AbstractProtocol$ConnectionHandler.process(AbstractProtocol.java:1272)
		at org.apache.tomcat.util.net.NioEndpoint$SocketProcessor.doRun(NioEndpoint.java:1801)
		at org.apache.tomcat.util.net.SocketProcessorBase.run(SocketProcessorBase.java:52)
		at org.apache.tomcat.util.threads.ThreadPoolExecutor.runWorker(ThreadPoolExecutor.java:946)
		at org.apache.tomcat.util.threads.ThreadPoolExecutor$Worker.run(ThreadPoolExecutor.java:480)
		at org.apache.tomcat.util.threads.TaskThread$WrappingRunnable.run(TaskThread.java:57)
		at java.base/java.lang.Thread.run(Thread.java:840)
12-May-2026 17:28:31.324 INFOS [main] org.apache.catalina.core.ApplicationContext.log SessionListener: contextDestroyed()
12-May-2026 17:28:31.324 INFOS [main] org.apache.catalina.core.ApplicationContext.log ContextListener: contextDestroyed()
12-May-2026 17:28:32.288 INFOS [main] org.apache.catalina.core.ApplicationContext.log ContextListener: contextInitialized()
12-May-2026 17:28:32.288 INFOS [main] org.apache.catalina.core.ApplicationContext.log SessionListener: contextInitialized()
12-May-2026 17:28:32.289 INFOS [main] org.apache.catalina.core.ApplicationContext.log ContextListener: attributeAdded('StockTicker', 'async.Stockticker@4735d6e5')
12-May-2026 17:28:33.376 GRAVE [http-nio-8080-exec-1] org.apache.catalina.core.StandardWrapperValve.invoke Servlet.service() du Servlet [Insert] dans le contexte au chemin [/tp501] a retourné une exception [Les paramètres first_name et last_name sont obligatoires.] avec la cause
	jakarta.servlet.ServletException: Les paramètres first_name et last_name sont obligatoires.
		at Insert.service(Insert.java:39)
		at jakarta.servlet.http.HttpServlet.service(HttpServlet.java:710)
		at org.apache.catalina.core.ApplicationFilterChain.doFilter(ApplicationFilterChain.java:128)
		at org.apache.tomcat.websocket.server.WsFilter.doFilter(WsFilter.java:53)
		at org.apache.catalina.core.ApplicationFilterChain.doFilter(ApplicationFilterChain.java:107)
		at org.apache.catalina.core.StandardWrapperValve.invoke(StandardWrapperValve.java:165)
		at org.apache.catalina.core.StandardContextValve.invoke(StandardContextValve.java:77)
		at org.apache.catalina.authenticator.AuthenticatorBase.invoke(AuthenticatorBase.java:492)
		at org.apache.catalina.core.StandardHostValve.invoke(StandardHostValve.java:113)
		at org.apache.catalina.valves.ErrorReportValve.invoke(ErrorReportValve.java:83)
		at org.apache.catalina.valves.AbstractAccessLogValve.invoke(AbstractAccessLogValve.java:782)
		at org.apache.catalina.core.StandardEngineValve.invoke(StandardEngineValve.java:72)
		at org.apache.catalina.connector.CoyoteAdapter.service(CoyoteAdapter.java:341)
		at org.apache.coyote.http11.Http11Processor.service(Http11Processor.java:397)
		at org.apache.coyote.AbstractProcessorLight.process(AbstractProcessorLight.java:63)
		at org.apache.coyote.AbstractProtocol$ConnectionHandler.process(AbstractProtocol.java:1272)
		at org.apache.tomcat.util.net.NioEndpoint$SocketProcessor.doRun(NioEndpoint.java:1801)
		at org.apache.tomcat.util.net.SocketProcessorBase.run(SocketProcessorBase.java:52)
		at org.apache.tomcat.util.threads.ThreadPoolExecutor.runWorker(ThreadPoolExecutor.java:946)
		at org.apache.tomcat.util.threads.ThreadPoolExecutor$Worker.run(ThreadPoolExecutor.java:480)
		at org.apache.tomcat.util.threads.TaskThread$WrappingRunnable.run(TaskThread.java:57)
		at java.base/java.lang.Thread.run(Thread.java:840)
12-May-2026 17:29:22.575 INFOS [main] org.apache.catalina.core.ApplicationContext.log SessionListener: contextDestroyed()
12-May-2026 17:29:22.575 INFOS [main] org.apache.catalina.core.ApplicationContext.log ContextListener: contextDestroyed()
12-May-2026 17:29:23.508 INFOS [main] org.apache.catalina.core.ApplicationContext.log ContextListener: contextInitialized()
12-May-2026 17:29:23.508 INFOS [main] org.apache.catalina.core.ApplicationContext.log SessionListener: contextInitialized()
12-May-2026 17:29:23.509 INFOS [main] org.apache.catalina.core.ApplicationContext.log ContextListener: attributeAdded('StockTicker', 'async.Stockticker@35c4697c')
12-May-2026 17:29:28.385 INFOS [main] org.apache.catalina.core.ApplicationContext.log SessionListener: contextDestroyed()
12-May-2026 17:29:28.385 INFOS [main] org.apache.catalina.core.ApplicationContext.log ContextListener: contextDestroyed()
12-May-2026 17:29:29.184 INFOS [main] org.apache.catalina.core.ApplicationContext.log ContextListener: contextInitialized()
12-May-2026 17:29:29.184 INFOS [main] org.apache.catalina.core.ApplicationContext.log SessionListener: contextInitialized()
12-May-2026 17:29:29.185 INFOS [main] org.apache.catalina.core.ApplicationContext.log ContextListener: attributeAdded('StockTicker', 'async.Stockticker@35c4697c')
12-May-2026 17:29:30.180 GRAVE [http-nio-8080-exec-1] org.apache.catalina.core.StandardWrapperValve.invoke Servlet.service() du Servlet [Insert] dans le contexte au chemin [/tp501] a retourné une exception [Les paramètres first_name et last_name sont obligatoires.] avec la cause
	jakarta.servlet.ServletException: Les paramètres first_name et last_name sont obligatoires.
		at Insert.service(Insert.java:39)
		at jakarta.servlet.http.HttpServlet.service(HttpServlet.java:710)
		at org.apache.catalina.core.ApplicationFilterChain.doFilter(ApplicationFilterChain.java:128)
		at org.apache.tomcat.websocket.server.WsFilter.doFilter(WsFilter.java:53)
		at org.apache.catalina.core.ApplicationFilterChain.doFilter(ApplicationFilterChain.java:107)
		at org.apache.catalina.core.StandardWrapperValve.invoke(StandardWrapperValve.java:165)
		at org.apache.catalina.core.StandardContextValve.invoke(StandardContextValve.java:77)
		at org.apache.catalina.authenticator.AuthenticatorBase.invoke(AuthenticatorBase.java:492)
		at org.apache.catalina.core.StandardHostValve.invoke(StandardHostValve.java:113)
		at org.apache.catalina.valves.ErrorReportValve.invoke(ErrorReportValve.java:83)
		at org.apache.catalina.valves.AbstractAccessLogValve.invoke(AbstractAccessLogValve.java:782)
		at org.apache.catalina.core.StandardEngineValve.invoke(StandardEngineValve.java:72)
		at org.apache.catalina.connector.CoyoteAdapter.service(CoyoteAdapter.java:341)
		at org.apache.coyote.http11.Http11Processor.service(Http11Processor.java:397)
		at org.apache.coyote.AbstractProcessorLight.process(AbstractProcessorLight.java:63)
		at org.apache.coyote.AbstractProtocol$ConnectionHandler.process(AbstractProtocol.java:1272)
		at org.apache.tomcat.util.net.NioEndpoint$SocketProcessor.doRun(NioEndpoint.java:1801)
		at org.apache.tomcat.util.net.SocketProcessorBase.run(SocketProcessorBase.java:52)
		at org.apache.tomcat.util.threads.ThreadPoolExecutor.runWorker(ThreadPoolExecutor.java:946)
		at org.apache.tomcat.util.threads.ThreadPoolExecutor$Worker.run(ThreadPoolExecutor.java:480)
		at org.apache.tomcat.util.threads.TaskThread$WrappingRunnable.run(TaskThread.java:57)
		at java.base/java.lang.Thread.run(Thread.java:840)
12-May-2026 17:34:04.340 INFOS [main] org.apache.catalina.core.ApplicationContext.log SessionListener: contextDestroyed()
12-May-2026 17:34:04.340 INFOS [main] org.apache.catalina.core.ApplicationContext.log ContextListener: contextDestroyed()
12-May-2026 17:34:05.318 INFOS [main] org.apache.catalina.core.ApplicationContext.log ContextListener: contextInitialized()
12-May-2026 17:34:05.318 INFOS [main] org.apache.catalina.core.ApplicationContext.log SessionListener: contextInitialized()
12-May-2026 17:34:05.319 INFOS [main] org.apache.catalina.core.ApplicationContext.log ContextListener: attributeAdded('StockTicker', 'async.Stockticker@104dc1a2')
12-May-2026 17:35:50.734 INFOS [main] org.apache.catalina.core.ApplicationContext.log SessionListener: contextDestroyed()
12-May-2026 17:35:50.734 INFOS [main] org.apache.catalina.core.ApplicationContext.log ContextListener: contextDestroyed()
12-May-2026 17:35:51.756 INFOS [main] org.apache.catalina.core.ApplicationContext.log ContextListener: contextInitialized()
12-May-2026 17:35:51.756 INFOS [main] org.apache.catalina.core.ApplicationContext.log SessionListener: contextInitialized()
12-May-2026 17:35:51.756 INFOS [main] org.apache.catalina.core.ApplicationContext.log ContextListener: attributeAdded('StockTicker', 'async.Stockticker@104dc1a2')
12-May-2026 17:36:33.720 INFOS [main] org.apache.catalina.core.ApplicationContext.log SessionListener: contextDestroyed()
12-May-2026 17:36:33.720 INFOS [main] org.apache.catalina.core.ApplicationContext.log ContextListener: contextDestroyed()
12-May-2026 17:36:34.689 INFOS [main] org.apache.catalina.core.ApplicationContext.log ContextListener: contextInitialized()
12-May-2026 17:36:34.689 INFOS [main] org.apache.catalina.core.ApplicationContext.log SessionListener: contextInitialized()
12-May-2026 17:36:34.690 INFOS [main] org.apache.catalina.core.ApplicationContext.log ContextListener: attributeAdded('StockTicker', 'async.Stockticker@104dc1a2')
12-May-2026 17:38:39.678 INFOS [main] org.apache.catalina.core.ApplicationContext.log SessionListener: contextDestroyed()
12-May-2026 17:38:39.678 INFOS [main] org.apache.catalina.core.ApplicationContext.log ContextListener: contextDestroyed()
12-May-2026 17:38:40.667 INFOS [main] org.apache.catalina.core.ApplicationContext.log ContextListener: contextInitialized()
12-May-2026 17:38:40.667 INFOS [main] org.apache.catalina.core.ApplicationContext.log SessionListener: contextInitialized()
12-May-2026 17:38:40.668 INFOS [main] org.apache.catalina.core.ApplicationContext.log ContextListener: attributeAdded('StockTicker', 'async.Stockticker@104dc1a2')
